# JRE version: Java(TM) SE Runtime Environment (8.0_251-b08) (build 1.8.0_251-b08)
# Java VM: Java HotSpot(TM) 64-Bit Server VM (25.251-b08 mixed mode bsd-amd64 compressed oops)
Heap:
 PSYoungGen      total 179200K, used 15257K [0x000000076ab00000, 0x0000000778a80000, 0x00000007c0000000)
  eden space 164352K, 9% used [0x000000076ab00000,0x000000076b9e65f0,0x0000000774b80000)
  from space 14848K, 0% used [0x0000000775c80000,0x0000000775c80000,0x0000000776b00000)
  to   space 17408K, 0% used [0x0000000774b80000,0x0000000774b80000,0x0000000775c80000)
 ParOldGen       total 144896K, used 20035K [0x00000006c0000000, 0x00000006c8d80000, 0x000000076ab00000)
  object space 144896K, 13% used [0x00000006c0000000,0x00000006c1390c18,0x00000006c8d80000)
 Metaspace       used 33795K, capacity 36484K, committed 36608K, reserved 1081344K
  class space    used 4567K, capacity 5049K, committed 5120K, reserved 1048576K
GC Heap History (10 events):
Event: 3.841 GC heap before
{Heap before GC invocations=4 (full 1):
 PSYoungGen      total 76288K, used 8138K [0x000000076ab00000, 0x0000000774000000, 0x00000007c0000000)
  eden space 65536K, 0% used [0x000000076ab00000,0x000000076ab00000,0x000000076eb00000)
  from space 10752K, 75% used [0x000000076eb00000,0x000000076f2f28c0,0x000000076f580000)
  to   space 10752K, 0% used [0x0000000773580000,0x0000000773580000,0x0000000774000000)
 ParOldGen       total 175104K, used 747K [0x00000006c0000000, 0x00000006cab00000, 0x000000076ab00000)
  object space 175104K, 0% used [0x00000006c0000000,0x00000006c00badb0,0x00000006cab00000)
 Metaspace       used 20136K, capacity 21268K, committed 21296K, reserved 1067008K
  class space    used 2685K, capacity 2937K, committed 2944K, reserved 1048576K
Event: 3.887 GC heap after
Heap after GC invocations=4 (full 1):
 PSYoungGen      total 76288K, used 0K [0x000000076ab00000, 0x0000000774000000, 0x00000007c0000000)
  eden space 65536K, 0% used [0x000000076ab00000,0x000000076ab00000,0x000000076eb00000)
  from space 10752K, 0% used [0x000000076eb00000,0x000000076eb00000,0x000000076f580000)
  to   space 10752K, 0% used [0x0000000773580000,0x0000000773580000,0x0000000774000000)
 ParOldGen       total 101376K, used 7902K [0x00000006c0000000, 0x00000006c6300000, 0x000000076ab00000)
  object space 101376K, 7% used [0x00000006c0000000,0x00000006c07b7ba8,0x00000006c6300000)
 Metaspace       used 20136K, capacity 21268K, committed 21296K, reserved 1067008K
  class space    used 2685K, capacity 2937K, committed 2944K, reserved 1048576K
}
Event: 4.793 GC heap before
{Heap before GC invocations=5 (full 1):
 PSYoungGen      total 76288K, used 65536K [0x000000076ab00000, 0x0000000774000000, 0x00000007c0000000)
  eden space 65536K, 100% used [0x000000076ab00000,0x000000076eb00000,0x000000076eb00000)
  from space 10752K, 0% used [0x000000076eb00000,0x000000076eb00000,0x000000076f580000)
  to   space 10752K, 0% used [0x0000000773580000,0x0000000773580000,0x0000000774000000)
 ParOldGen       total 101376K, used 7902K [0x00000006c0000000, 0x00000006c6300000, 0x000000076ab00000)
  object space 101376K, 7% used [0x00000006c0000000,0x00000006c07b7ba8,0x00000006c6300000)
 Metaspace       used 24709K, capacity 26502K, committed 26752K, reserved 1073152K
  class space    used 3324K, capacity 3674K, committed 3712K, reserved 1048576K
Event: 4.812 GC heap after
Heap after GC invocations=5 (full 1):
 PSYoungGen      total 112640K, used 7386K [0x000000076ab00000, 0x0000000773d00000, 0x00000007c0000000)
  eden space 104960K, 0% used [0x000000076ab00000,0x000000076ab00000,0x0000000771180000)
  from space 7680K, 96% used [0x0000000773580000,0x0000000773cb6a80,0x0000000773d00000)
  to   space 10752K, 0% used [0x0000000772800000,0x0000000772800000,0x0000000773280000)
 ParOldGen       total 101376K, used 7910K [0x00000006c0000000, 0x00000006c6300000, 0x000000076ab00000)
  object space 101376K, 7% used [0x00000006c0000000,0x00000006c07b9ba8,0x00000006c6300000)
 Metaspace       used 24709K, capacity 26502K, committed 26752K, reserved 1073152K
  class space    used 3324K, capacity 3674K, committed 3712K, reserved 1048576K
}
Event: 6.076 GC heap before
{Heap before GC invocations=6 (full 1):
 PSYoungGen      total 112640K, used 112346K [0x000000076ab00000, 0x0000000773d00000, 0x00000007c0000000)
  eden space 104960K, 100% used [0x000000076ab00000,0x0000000771180000,0x0000000771180000)
  from space 7680K, 96% used [0x0000000773580000,0x0000000773cb6a80,0x0000000773d00000)
  to   space 10752K, 0% used [0x0000000772800000,0x0000000772800000,0x0000000773280000)
 ParOldGen       total 101376K, used 7910K [0x00000006c0000000, 0x00000006c6300000, 0x000000076ab00000)
  object space 101376K, 7% used [0x00000006c0000000,0x00000006c07b9ba8,0x00000006c6300000)
 Metaspace       used 28431K, capacity 30822K, committed 30976K, reserved 1075200K
  class space    used 3889K, capacity 4304K, committed 4352K, reserved 1048576K
Event: 6.094 GC heap after
Heap after GC invocations=6 (full 1):
 PSYoungGen      total 138752K, used 10733K [0x000000076ab00000, 0x0000000776b00000, 0x00000007c0000000)
  eden space 128000K, 0% used [0x000000076ab00000,0x000000076ab00000,0x0000000772800000)
  from space 10752K, 99% used [0x0000000772800000,0x000000077327b478,0x0000000773280000)
  to   space 14848K, 0% used [0x0000000775c80000,0x0000000775c80000,0x0000000776b00000)
 ParOldGen       total 101376K, used 10850K [0x00000006c0000000, 0x00000006c6300000, 0x000000076ab00000)
  object space 101376K, 10% used [0x00000006c0000000,0x00000006c0a989d0,0x00000006c6300000)
 Metaspace       used 28431K, capacity 30822K, committed 30976K, reserved 1075200K
  class space    used 3889K, capacity 4304K, committed 4352K, reserved 1048576K
}
Event: 318.691 GC heap before
{Heap before GC invocations=7 (full 1):
 PSYoungGen      total 138752K, used 98649K [0x000000076ab00000, 0x0000000776b00000, 0x00000007c0000000)
  eden space 128000K, 68% used [0x000000076ab00000,0x00000007700db290,0x0000000772800000)
  from space 10752K, 99% used [0x0000000772800000,0x000000077327b478,0x0000000773280000)
  to   space 14848K, 0% used [0x0000000775c80000,0x0000000775c80000,0x0000000776b00000)
 ParOldGen       total 101376K, used 10850K [0x00000006c0000000, 0x00000006c6300000, 0x000000076ab00000)
  object space 101376K, 10% used [0x00000006c0000000,0x00000006c0a989d0,0x00000006c6300000)
 Metaspace       used 32640K, capacity 35330K, committed 35456K, reserved 1079296K
  class space    used 4456K, capacity 4920K, committed 4992K, reserved 1048576K
Event: 318.709 GC heap after
Heap after GC invocations=7 (full 1):
 PSYoungGen      total 179200K, used 14847K [0x000000076ab00000, 0x0000000778a80000, 0x00000007c0000000)
  eden space 164352K, 0% used [0x000000076ab00000,0x000000076ab00000,0x0000000774b80000)
  from space 14848K, 99% used [0x0000000775c80000,0x0000000776affd80,0x0000000776b00000)
  to   space 17408K, 0% used [0x0000000774b80000,0x0000000774b80000,0x0000000775c80000)
 ParOldGen       total 101376K, used 11191K [0x00000006c0000000, 0x00000006c6300000, 0x000000076ab00000)
  object space 101376K, 11% used [0x00000006c0000000,0x00000006c0aeded0,0x00000006c6300000)
 Metaspace       used 32640K, capacity 35330K, committed 35456K, reserved 1079296K
  class space    used 4456K, capacity 4920K, committed 4992K, reserved 1048576K
}
Event: 318.709 GC heap before
{Heap before GC invocations=8 (full 2):
 PSYoungGen      total 179200K, used 14847K [0x000000076ab00000, 0x0000000778a80000, 0x00000007c0000000)
  eden space 164352K, 0% used [0x000000076ab00000,0x000000076ab00000,0x0000000774b80000)
  from space 14848K, 99% used [0x0000000775c80000,0x0000000776affd80,0x0000000776b00000)
  to   space 17408K, 0% used [0x0000000774b80000,0x0000000774b80000,0x0000000775c80000)
 ParOldGen       total 101376K, used 11191K [0x00000006c0000000, 0x00000006c6300000, 0x000000076ab00000)
  object space 101376K, 11% used [0x00000006c0000000,0x00000006c0aeded0,0x00000006c6300000)
 Metaspace       used 32640K, capacity 35330K, committed 35456K, reserved 1079296K
  class space    used 4456K, capacity 4920K, committed 4992K, reserved 1048576K
Event: 318.789 GC heap after
Heap after GC invocations=8 (full 2):
 PSYoungGen      total 179200K, used 0K [0x000000076ab00000, 0x0000000778a80000, 0x00000007c0000000)
  eden space 164352K, 0% used [0x000000076ab00000,0x000000076ab00000,0x0000000774b80000)
  from space 14848K, 0% used [0x0000000775c80000,0x0000000775c80000,0x0000000776b00000)
  to   space 17408K, 0% used [0x0000000774b80000,0x0000000774b80000,0x0000000775c80000)
 ParOldGen       total 144896K, used 20035K [0x00000006c0000000, 0x00000006c8d80000, 0x000000076ab00000)
  object space 144896K, 13% used [0x00000006c0000000,0x00000006c1390c18,0x00000006c8d80000)
 Metaspace       used 32640K, capacity 35330K, committed 35456K, reserved 1079296K
  class space    used 4456K, capacity 4920K, committed 4992K, reserved 1048576K
}

