# JRE version: Java(TM) SE Runtime Environment (8.0_251-b08) (build 1.8.0_251-b08)
# Java VM: Java HotSpot(TM) 64-Bit Server VM (25.251-b08 mixed mode bsd-amd64 compressed oops)
Heap:
 PSYoungGen      total 138752K, used 57111K [0x000000076ab00000, 0x0000000776900000, 0x00000007c0000000)
  eden space 128000K, 36% used [0x000000076ab00000,0x000000076d847b78,0x0000000772800000)
  from space 10752K, 99% used [0x0000000772800000,0x000000077327e468,0x0000000773280000)
  to   space 15360K, 0% used [0x0000000775a00000,0x0000000775a00000,0x0000000776900000)
 ParOldGen       total 99328K, used 10785K [0x00000006c0000000, 0x00000006c6100000, 0x000000076ab00000)
  object space 99328K, 10% used [0x00000006c0000000,0x00000006c0a88568,0x00000006c6100000)
 Metaspace       used 32273K, capacity 34934K, committed 35072K, reserved 1079296K
  class space    used 4369K, capacity 4826K, committed 4864K, reserved 1048576K
GC Heap History (10 events):
Event: 13.914 GC heap before
{Heap before GC invocations=2 (full 0):
 PSYoungGen      total 76288K, used 75453K [0x000000076ab00000, 0x0000000770000000, 0x00000007c0000000)
  eden space 65536K, 100% used [0x000000076ab00000,0x000000076eb00000,0x000000076eb00000)
  from space 10752K, 92% used [0x000000076eb00000,0x000000076f4af710,0x000000076f580000)
  to   space 10752K, 0% used [0x000000076f580000,0x000000076f580000,0x0000000770000000)
 ParOldGen       total 175104K, used 24K [0x00000006c0000000, 0x00000006cab00000, 0x000000076ab00000)
  object space 175104K, 0% used [0x00000006c0000000,0x00000006c0006000,0x00000006cab00000)
 Metaspace       used 18595K, capacity 19730K, committed 19968K, reserved 1067008K
  class space    used 2474K, capacity 2731K, committed 2816K, reserved 1048576K
Event: 13.995 GC heap after
Heap after GC invocations=2 (full 0):
 PSYoungGen      total 76288K, used 10732K [0x000000076ab00000, 0x0000000770000000, 0x00000007c0000000)
  eden space 65536K, 0% used [0x000000076ab00000,0x000000076ab00000,0x000000076eb00000)
  from space 10752K, 99% used [0x000000076f580000,0x000000076fffb220,0x0000000770000000)
  to   space 10752K, 0% used [0x000000076eb00000,0x000000076eb00000,0x000000076f580000)
 ParOldGen       total 175104K, used 830K [0x00000006c0000000, 0x00000006cab00000, 0x000000076ab00000)
  object space 175104K, 0% used [0x00000006c0000000,0x00000006c00cfbb0,0x00000006cab00000)
 Metaspace       used 18595K, capacity 19730K, committed 19968K, reserved 1067008K
  class space    used 2474K, capacity 2731K, committed 2816K, reserved 1048576K
}
Event: 15.438 GC heap before
{Heap before GC invocations=3 (full 0):
 PSYoungGen      total 76288K, used 27721K [0x000000076ab00000, 0x0000000770000000, 0x00000007c0000000)
  eden space 65536K, 25% used [0x000000076ab00000,0x000000076bb97488,0x000000076eb00000)
  from space 10752K, 99% used [0x000000076f580000,0x000000076fffb220,0x0000000770000000)
  to   space 10752K, 0% used [0x000000076eb00000,0x000000076eb00000,0x000000076f580000)
 ParOldGen       total 175104K, used 830K [0x00000006c0000000, 0x00000006cab00000, 0x000000076ab00000)
  object space 175104K, 0% used [0x00000006c0000000,0x00000006c00cfbb0,0x00000006cab00000)
 Metaspace       used 20135K, capacity 21264K, committed 21296K, reserved 1067008K
  class space    used 2686K, capacity 2937K, committed 2944K, reserved 1048576K
Event: 15.478 GC heap after
Heap after GC invocations=3 (full 0):
 PSYoungGen      total 76288K, used 8126K [0x000000076ab00000, 0x0000000774000000, 0x00000007c0000000)
  eden space 65536K, 0% used [0x000000076ab00000,0x000000076ab00000,0x000000076eb00000)
  from space 10752K, 75% used [0x000000076eb00000,0x000000076f2efb80,0x000000076f580000)
  to   space 10752K, 0% used [0x0000000773580000,0x0000000773580000,0x0000000774000000)
 ParOldGen       total 175104K, used 838K [0x00000006c0000000, 0x00000006cab00000, 0x000000076ab00000)
  object space 175104K, 0% used [0x00000006c0000000,0x00000006c00d1bb0,0x00000006cab00000)
 Metaspace       used 20135K, capacity 21264K, committed 21296K, reserved 1067008K
  class space    used 2686K, capacity 2937K, committed 2944K, reserved 1048576K
}
Event: 15.479 GC heap before
{Heap before GC invocations=4 (full 1):
 PSYoungGen      total 76288K, used 8126K [0x000000076ab00000, 0x0000000774000000, 0x00000007c0000000)
  eden space 65536K, 0% used [0x000000076ab00000,0x000000076ab00000,0x000000076eb00000)
  from space 10752K, 75% used [0x000000076eb00000,0x000000076f2efb80,0x000000076f580000)
  to   space 10752K, 0% used [0x0000000773580000,0x0000000773580000,0x0000000774000000)
 ParOldGen       total 175104K, used 838K [0x00000006c0000000, 0x00000006cab00000, 0x000000076ab00000)
  object space 175104K, 0% used [0x00000006c0000000,0x00000006c00d1bb0,0x00000006cab00000)
 Metaspace       used 20135K, capacity 21264K, committed 21296K, reserved 1067008K
  class space    used 2686K, capacity 2937K, committed 2944K, reserved 1048576K
Event: 15.618 GC heap after
Heap after GC invocations=4 (full 1):
 PSYoungGen      total 76288K, used 0K [0x000000076ab00000, 0x0000000774000000, 0x00000007c0000000)
  eden space 65536K, 0% used [0x000000076ab00000,0x000000076ab00000,0x000000076eb00000)
  from space 10752K, 0% used [0x000000076eb00000,0x000000076eb00000,0x000000076f580000)
  to   space 10752K, 0% used [0x0000000773580000,0x0000000773580000,0x0000000774000000)
 ParOldGen       total 99328K, used 7915K [0x00000006c0000000, 0x00000006c6100000, 0x000000076ab00000)
  object space 99328K, 7% used [0x00000006c0000000,0x00000006c07bae30,0x00000006c6100000)
 Metaspace       used 20135K, capacity 21264K, committed 21296K, reserved 1067008K
  class space    used 2686K, capacity 2937K, committed 2944K, reserved 1048576K
}
Event: 20.799 GC heap before
{Heap before GC invocations=5 (full 1):
 PSYoungGen      total 76288K, used 65536K [0x000000076ab00000, 0x0000000774000000, 0x00000007c0000000)
  eden space 65536K, 100% used [0x000000076ab00000,0x000000076eb00000,0x000000076eb00000)
  from space 10752K, 0% used [0x000000076eb00000,0x000000076eb00000,0x000000076f580000)
  to   space 10752K, 0% used [0x0000000773580000,0x0000000773580000,0x0000000774000000)
 ParOldGen       total 99328K, used 7915K [0x00000006c0000000, 0x00000006c6100000, 0x000000076ab00000)
  object space 99328K, 7% used [0x00000006c0000000,0x00000006c07bae30,0x00000006c6100000)
 Metaspace       used 24699K, capacity 26502K, committed 26752K, reserved 1073152K
  class space    used 3328K, capacity 3674K, committed 3712K, reserved 1048576K
Event: 20.845 GC heap after
Heap after GC invocations=5 (full 1):
 PSYoungGen      total 112640K, used 7384K [0x000000076ab00000, 0x0000000773d00000, 0x00000007c0000000)
  eden space 104960K, 0% used [0x000000076ab00000,0x000000076ab00000,0x0000000771180000)
  from space 7680K, 96% used [0x0000000773580000,0x0000000773cb63d0,0x0000000773d00000)
  to   space 10752K, 0% used [0x0000000772800000,0x0000000772800000,0x0000000773280000)
 ParOldGen       total 99328K, used 7923K [0x00000006c0000000, 0x00000006c6100000, 0x000000076ab00000)
  object space 99328K, 7% used [0x00000006c0000000,0x00000006c07bce30,0x00000006c6100000)
 Metaspace       used 24699K, capacity 26502K, committed 26752K, reserved 1073152K
  class space    used 3328K, capacity 3674K, committed 3712K, reserved 1048576K
}
Event: 34.998 GC heap before
{Heap before GC invocations=6 (full 1):
 PSYoungGen      total 112640K, used 112344K [0x000000076ab00000, 0x0000000773d00000, 0x00000007c0000000)
  eden space 104960K, 100% used [0x000000076ab00000,0x0000000771180000,0x0000000771180000)
  from space 7680K, 96% used [0x0000000773580000,0x0000000773cb63d0,0x0000000773d00000)
  to   space 10752K, 0% used [0x0000000772800000,0x0000000772800000,0x0000000773280000)
 ParOldGen       total 99328K, used 7923K [0x00000006c0000000, 0x00000006c6100000, 0x000000076ab00000)
  object space 99328K, 7% used [0x00000006c0000000,0x00000006c07bce30,0x00000006c6100000)
 Metaspace       used 28398K, capacity 30818K, committed 30976K, reserved 1075200K
  class space    used 3892K, capacity 4304K, committed 4352K, reserved 1048576K
Event: 35.075 GC heap after
Heap after GC invocations=6 (full 1):
 PSYoungGen      total 138752K, used 10745K [0x000000076ab00000, 0x0000000776900000, 0x00000007c0000000)
  eden space 128000K, 0% used [0x000000076ab00000,0x000000076ab00000,0x0000000772800000)
  from space 10752K, 99% used [0x0000000772800000,0x000000077327e468,0x0000000773280000)
  to   space 15360K, 0% used [0x0000000775a00000,0x0000000775a00000,0x0000000776900000)
 ParOldGen       total 99328K, used 10785K [0x00000006c0000000, 0x00000006c6100000, 0x000000076ab00000)
  object space 99328K, 10% used [0x00000006c0000000,0x00000006c0a88568,0x00000006c6100000)
 Metaspace       used 28398K, capacity 30818K, committed 30976K, reserved 1075200K
  class space    used 3892K, capacity 4304K, committed 4352K, reserved 1048576K
}

